<?xml version="1.0" encoding="UTF-8"?>
<testng-results ignored="0" total="2" passed="2" failed="0" skipped="0">
  <reporter-output>
  </reporter-output>
  <suite started-at="2018-12-20T18:01:17Z" name="Default suite" finished-at="2018-12-20T18:02:15Z" duration-ms="58251">
    <groups>
    </groups>
    <test started-at="2018-12-20T18:01:17Z" name="Default test" finished-at="2018-12-20T18:02:15Z" duration-ms="58251">
      <class name="com.training.sanity.tests.AddNewUserTests">
        <test-method is-config="true" signature="setUpBeforeClass()[pri:0, instance:com.training.sanity.tests.AddNewUserTests@3098cf3b]" started-at="2018-12-20T18:01:17Z" name="setUpBeforeClass" finished-at="2018-12-20T18:01:43Z" duration-ms="25567" status="PASS">
          <reporter-output>
          </reporter-output>
        </test-method> <!-- setUpBeforeClass -->
        <test-method signature="validLogin()[pri:1, instance:com.training.sanity.tests.AddNewUserTests@3098cf3b]" started-at="2018-12-20T18:01:43Z" name="validLogin" finished-at="2018-12-20T18:01:52Z" duration-ms="9106" status="PASS">
          <reporter-output>
          </reporter-output>
        </test-method> <!-- validLogin -->
        <test-method signature="changeUserRole()[pri:2, instance:com.training.sanity.tests.AddNewUserTests@3098cf3b]" started-at="2018-12-20T18:01:52Z" name="changeUserRole" finished-at="2018-12-20T18:02:14Z" duration-ms="22543" status="PASS">
          <reporter-output>
          </reporter-output>
        </test-method> <!-- changeUserRole -->
        <test-method is-config="true" signature="tearDown()[pri:0, instance:com.training.sanity.tests.AddNewUserTests@3098cf3b]" started-at="2018-12-20T18:02:14Z" name="tearDown" finished-at="2018-12-20T18:02:15Z" duration-ms="1007" status="PASS">
          <reporter-output>
          </reporter-output>
        </test-method> <!-- tearDown -->
      </class> <!-- com.training.sanity.tests.AddNewUserTests -->
    </test> <!-- Default test -->
  </suite> <!-- Default suite -->
</testng-results>
