<?xml version="1.0" encoding="UTF-8"?>
<!-- Generated by org.testng.reporters.JUnitXMLReporter -->
<testsuite ignored="0" hostname="avijdas4" failures="0" tests="2" name="Default test" time="64.463" errors="0" timestamp="29 Dec 2018 10:46:44 GMT">
  <testcase classname="com.training.sanity.tests.RETC_041_VerifyCommentTests" name="userLoginTest" time="8.608"/>
  <testcase classname="com.training.sanity.tests.RETC_041_VerifyCommentTests" name="verifyCommentInAdminPageTest" time="18.297"/>
</testsuite> <!-- Default test -->
