<?xml version="1.0" encoding="UTF-8"?>
<!-- Generated by org.testng.reporters.JUnitXMLReporter -->
<testsuite ignored="2" hostname="avijdas4" failures="0" tests="2" name="Sample test1" time="16.312" errors="0" timestamp="31 Dec 2018 11:53:25 GMT">
  <testcase classname="com.training.sanity.tests.LoginTests" name="validLoginTest" time="7.619"/>
  <testcase classname="com.training.sanity.tests.PropertyFilterTests" name="changeUserRoleTest" time="8.586"/>
  <testcase classname="com.training.sanity.tests.ConfigFile" name="@AfterSuite tearDownAfterSuite" time="0.0">
    <ignored/>
  </testcase> <!-- @AfterSuite tearDownAfterSuite -->
  <testcase classname="com.training.sanity.tests.ConfigFile" name="@BeforeSuite setUpBeforeSuite" time="0.0">
    <ignored/>
  </testcase> <!-- @BeforeSuite setUpBeforeSuite -->
</testsuite> <!-- Sample test1 -->
