<?xml version="1.0" encoding="UTF-8"?>
<!-- Generated by org.testng.reporters.JUnitXMLReporter -->
<testsuite ignored="0" hostname="avijdas4" failures="0" tests="2" name="Sample test1" time="40.489" errors="0" timestamp="03 Jan 2019 16:05:15 GMT">
  <testcase classname="com.training.sanity.tests.RETC_022_ChangeRoleTest" name="validLogin" time="8.807"/>
  <testcase classname="com.training.sanity.tests.RETC_022_ChangeRoleTest" name="changeUserRole" time="7.477"/>
</testsuite> <!-- Sample test1 -->
